0 verbose cli /usr/local/bin/node /usr/local/bin/npm
1 info using npm@9.6.4
2 info using node@v20.0.0
3 timing npm:load:whichnode Completed in 3ms
4 timing config:load:defaults Completed in 1ms
5 timing config:load:file:/usr/local/lib/node_modules/npm/npmrc Completed in 1ms
6 timing config:load:builtin Completed in 1ms
7 timing config:load:cli Completed in 1ms
8 timing config:load:env Completed in 0ms
9 timing config:load:project Completed in 3ms
10 timing config:load:file:/home/node/.npmrc Completed in 1ms
11 timing config:load:user Completed in 1ms
12 timing config:load:file:/usr/local/etc/npmrc Completed in 0ms
13 timing config:load:global Completed in 0ms
14 timing config:load:setEnvs Completed in 0ms
15 timing config:load Completed in 7ms
16 timing npm:load:configload Completed in 7ms
17 timing npm:load:mkdirpcache Completed in 1ms
18 timing npm:load:mkdirplogs Completed in 0ms
19 verbose title npm install
20 verbose argv "install"
21 timing npm:load:setTitle Completed in 1ms
22 timing config:load:flatten Completed in 1ms
23 timing npm:load:display Completed in 2ms
24 verbose logfile logs-max:10 dir:/home/node/.npm/_logs/2024-06-09T18_23_54_129Z-
25 verbose logfile /home/node/.npm/_logs/2024-06-09T18_23_54_129Z-debug-0.log
26 timing npm:load:logFile Completed in 22ms
27 timing npm:load:timers Completed in 0ms
28 timing npm:load:configScope Completed in 0ms
29 timing npm:load Completed in 38ms
30 timing arborist:ctor Completed in 0ms
31 silly logfile done cleaning log files
32 timing idealTree:init Completed in 87ms
33 timing idealTree:userRequests Completed in 0ms
34 silly idealTree buildDeps
35 timing idealTree:#root Completed in 0ms
36 timing idealTree:buildDeps Completed in 7ms
37 timing idealTree:fixDepFlags Completed in 0ms
38 timing idealTree Completed in 106ms
39 verbose shrinkwrap failed to load node_modules/.package-lock.json out of date, updated: node_modules
40 timing reify:loadTrees Completed in 238ms
41 timing reify:diffTrees Completed in 7ms
42 silly reify mark retired [ '/home/node/node_modules/asynckit' ]
43 silly reify mark retired [ '/home/node/node_modules/axios' ]
44 silly reify mark retired [ '/home/node/node_modules/combined-stream' ]
45 silly reify mark retired [ '/home/node/node_modules/delayed-stream' ]
46 silly reify mark retired [ '/home/node/node_modules/follow-redirects' ]
47 silly reify mark retired [ '/home/node/node_modules/form-data' ]
48 silly reify mark retired [ '/home/node/node_modules/mime-types' ]
49 silly reify mark retired [ '/home/node/node_modules/mime-db' ]
50 silly reify mark retired [ '/home/node/node_modules/proxy-from-env' ]
51 silly reify moves {
51 silly reify   '/home/node/node_modules/asynckit': '/home/node/node_modules/.asynckit-ArrYehi3',
51 silly reify   '/home/node/node_modules/axios': '/home/node/node_modules/.axios-KwJ5uIXa',
51 silly reify   '/home/node/node_modules/combined-stream': '/home/node/node_modules/.combined-stream-zcw38tEy',
51 silly reify   '/home/node/node_modules/delayed-stream': '/home/node/node_modules/.delayed-stream-AGyzho8U',
51 silly reify   '/home/node/node_modules/follow-redirects': '/home/node/node_modules/.follow-redirects-g78aTt5L',
51 silly reify   '/home/node/node_modules/form-data': '/home/node/node_modules/.form-data-XmjlR8mA',
51 silly reify   '/home/node/node_modules/mime-types': '/home/node/node_modules/.mime-types-PGLbc5Tw',
51 silly reify   '/home/node/node_modules/mime-db': '/home/node/node_modules/.mime-db-1B0qG7JO',
51 silly reify   '/home/node/node_modules/proxy-from-env': '/home/node/node_modules/.proxy-from-env-jbJOFtTa'
51 silly reify }
52 timing reify:retireShallow Completed in 9ms
53 timing reify:createSparse Completed in 9ms
54 timing reify:loadBundles Completed in 0ms
55 silly audit bulk request {
55 silly audit   '@alloc/quick-lru': [ '5.2.0' ],
55 silly audit   '@babel/parser': [ '7.24.1' ],
55 silly audit   '@esbuild/aix-ppc64': [ '0.20.2' ],
55 silly audit   '@esbuild/android-arm': [ '0.20.2' ],
55 silly audit   '@esbuild/android-arm64': [ '0.20.2' ],
55 silly audit   '@esbuild/android-x64': [ '0.20.2' ],
55 silly audit   '@esbuild/darwin-arm64': [ '0.20.2' ],
55 silly audit   '@esbuild/darwin-x64': [ '0.20.2' ],
55 silly audit   '@esbuild/freebsd-arm64': [ '0.20.2' ],
55 silly audit   '@esbuild/freebsd-x64': [ '0.20.2' ],
55 silly audit   '@esbuild/linux-arm': [ '0.20.2' ],
55 silly audit   '@esbuild/linux-arm64': [ '0.20.2' ],
55 silly audit   '@esbuild/linux-ia32': [ '0.20.2' ],
55 silly audit   '@esbuild/linux-loong64': [ '0.20.2' ],
55 silly audit   '@esbuild/linux-mips64el': [ '0.20.2' ],
55 silly audit   '@esbuild/linux-ppc64': [ '0.20.2' ],
55 silly audit   '@esbuild/linux-riscv64': [ '0.20.2' ],
55 silly audit   '@esbuild/linux-s390x': [ '0.20.2' ],
55 silly audit   '@esbuild/linux-x64': [ '0.20.2' ],
55 silly audit   '@esbuild/netbsd-x64': [ '0.20.2' ],
55 silly audit   '@esbuild/openbsd-x64': [ '0.20.2' ],
55 silly audit   '@esbuild/sunos-x64': [ '0.20.2' ],
55 silly audit   '@esbuild/win32-arm64': [ '0.20.2' ],
55 silly audit   '@esbuild/win32-ia32': [ '0.20.2' ],
55 silly audit   '@esbuild/win32-x64': [ '0.20.2' ],
55 silly audit   '@isaacs/cliui': [ '8.0.2' ],
55 silly audit   '@jridgewell/gen-mapping': [ '0.3.5' ],
55 silly audit   '@jridgewell/resolve-uri': [ '3.1.2' ],
55 silly audit   '@jridgewell/set-array': [ '1.2.1' ],
55 silly audit   '@jridgewell/sourcemap-codec': [ '1.4.15' ],
55 silly audit   '@jridgewell/trace-mapping': [ '0.3.25' ],
55 silly audit   '@nodelib/fs.scandir': [ '2.1.5' ],
55 silly audit   '@nodelib/fs.stat': [ '2.0.5' ],
55 silly audit   '@nodelib/fs.walk': [ '1.2.8' ],
55 silly audit   '@pkgjs/parseargs': [ '0.11.0' ],
55 silly audit   '@rollup/rollup-android-arm-eabi': [ '4.13.2' ],
55 silly audit   '@rollup/rollup-android-arm64': [ '4.13.2' ],
55 silly audit   '@rollup/rollup-darwin-arm64': [ '4.13.2' ],
55 silly audit   '@rollup/rollup-darwin-x64': [ '4.13.2' ],
55 silly audit   '@rollup/rollup-linux-arm-gnueabihf': [ '4.13.2' ],
55 silly audit   '@rollup/rollup-linux-arm64-gnu': [ '4.13.2' ],
55 silly audit   '@rollup/rollup-linux-arm64-musl': [ '4.13.2' ],
55 silly audit   '@rollup/rollup-linux-powerpc64le-gnu': [ '4.13.2' ],
55 silly audit   '@rollup/rollup-linux-riscv64-gnu': [ '4.13.2' ],
55 silly audit   '@rollup/rollup-linux-s390x-gnu': [ '4.13.2' ],
55 silly audit   '@rollup/rollup-linux-x64-gnu': [ '4.13.2' ],
55 silly audit   '@rollup/rollup-linux-x64-musl': [ '4.13.2' ],
55 silly audit   '@rollup/rollup-win32-arm64-msvc': [ '4.13.2' ],
55 silly audit   '@rollup/rollup-win32-ia32-msvc': [ '4.13.2' ],
55 silly audit   '@rollup/rollup-win32-x64-msvc': [ '4.13.2' ],
55 silly audit   '@types/estree': [ '1.0.5' ],
55 silly audit   '@vitejs/plugin-vue': [ '4.6.2' ],
55 silly audit   '@vue/compiler-core': [ '3.4.21' ],
55 silly audit   '@vue/compiler-dom': [ '3.4.21' ],
55 silly audit   '@vue/compiler-sfc': [ '3.4.21' ],
55 silly audit   '@vue/compiler-ssr': [ '3.4.21' ],
55 silly audit   '@vue/reactivity': [ '3.4.21' ],
55 silly audit   '@vue/runtime-core': [ '3.4.21' ],
55 silly audit   '@vue/runtime-dom': [ '3.4.21' ],
55 silly audit   '@vue/server-renderer': [ '3.4.21' ],
55 silly audit   '@vue/shared': [ '3.4.21' ],
55 silly audit   'ansi-regex': [ '6.0.1', '5.0.1' ],
55 silly audit   'ansi-styles': [ '6.2.1', '4.3.0' ],
55 silly audit   'any-promise': [ '1.3.0' ],
55 silly audit   anymatch: [ '3.1.3' ],
55 silly audit   arg: [ '5.0.2' ],
55 silly audit   autoprefixer: [ '10.4.19' ],
55 silly audit   'balanced-match': [ '1.0.2' ],
55 silly audit   'binary-extensions': [ '2.3.0' ],
55 silly audit   'brace-expansion': [ '2.0.1' ],
55 silly audit   braces: [ '3.0.2' ],
55 silly audit   browserslist: [ '4.23.0' ],
55 silly audit   'camelcase-css': [ '2.0.1' ],
55 silly audit   'caniuse-lite': [ '1.0.30001616' ],
55 silly audit   chokidar: [ '3.6.0' ],
55 silly audit   'glob-parent': [ '5.1.2', '6.0.2' ],
55 silly audit   'color-convert': [ '2.0.1' ],
55 silly audit   'color-name': [ '1.1.4' ],
55 silly audit   commander: [ '4.1.1' ],
55 silly audit   'cross-spawn': [ '7.0.3' ],
55 silly audit   cssesc: [ '3.0.0' ],
55 silly audit   csstype: [ '3.1.3' ],
55 silly audit   didyoumean: [ '1.2.2' ],
55 silly audit   dlv: [ '1.1.3' ],
55 silly audit   eastasianwidth: [ '0.2.0' ],
55 silly audit   'electron-to-chromium': [ '1.4.758' ],
55 silly audit   'emoji-regex': [ '9.2.2', '8.0.0' ],
55 silly audit   entities: [ '4.5.0' ],
55 silly audit   esbuild: [ '0.20.2' ],
55 silly audit   escalade: [ '3.1.2' ],
55 silly audit   'estree-walker': [ '2.0.2' ],
55 silly audit   'fast-glob': [ '3.3.2' ],
55 silly audit   fastq: [ '1.17.1' ],
55 silly audit   'fill-range': [ '7.0.1' ],
55 silly audit   'foreground-child': [ '3.1.1' ],
55 silly audit   'fraction.js': [ '4.3.7' ],
55 silly audit   fsevents: [ '2.3.3' ],
55 silly audit   'function-bind': [ '1.1.2' ],
55 silly audit   glob: [ '10.3.12' ],
55 silly audit   hasown: [ '2.0.2' ],
55 silly audit   'is-binary-path': [ '2.1.0' ],
55 silly audit   'is-core-module': [ '2.13.1' ],
55 silly audit   'is-extglob': [ '2.1.1' ],
55 silly audit   'is-fullwidth-code-point': [ '3.0.0' ],
55 silly audit   'is-glob': [ '4.0.3' ],
55 silly audit   'is-number': [ '7.0.0' ],
55 silly audit   isexe: [ '2.0.0' ],
55 silly audit   jackspeak: [ '2.3.6' ],
55 silly audit   jiti: [ '1.21.0' ],
55 silly audit   lilconfig: [ '2.1.0', '3.1.1' ],
55 silly audit   'lines-and-columns': [ '1.2.4' ],
55 silly audit   'lru-cache': [ '10.2.2' ],
55 silly audit   'magic-string': [ '0.30.8' ],
55 silly audit   merge2: [ '1.4.1' ],
55 silly audit   micromatch: [ '4.0.5' ],
55 silly audit   minimatch: [ '9.0.4' ],
55 silly audit   minipass: [ '7.1.0' ],
55 silly audit   mz: [ '2.7.0' ],
55 silly audit   nanoid: [ '3.3.7' ],
55 silly audit   'node-releases': [ '2.0.14' ],
55 silly audit   'normalize-path': [ '3.0.0' ],
55 silly audit   'normalize-range': [ '0.1.2' ],
55 silly audit   'object-assign': [ '4.1.1' ],
55 silly audit   'object-hash': [ '3.0.0' ],
55 silly audit   'path-key': [ '3.1.1' ],
55 silly audit   'path-parse': [ '1.0.7' ],
55 silly audit   'path-scurry': [ '1.10.2' ],
55 silly audit   picocolors: [ '1.0.0' ],
55 silly audit   picomatch: [ '2.3.1' ],
55 silly audit   pify: [ '2.3.0' ],
55 silly audit   pirates: [ '4.0.6' ],
55 silly audit   postcss: [ '8.4.38' ],
55 silly audit   'postcss-import': [ '15.1.0' ],
55 silly audit   'postcss-js': [ '4.0.1' ],
55 silly audit   'postcss-load-config': [ '4.0.2' ],
55 silly audit   'postcss-nested': [ '6.0.1' ],
55 silly audit   'postcss-selector-parser': [ '6.0.16' ],
55 silly audit   'postcss-value-parser': [ '4.2.0' ],
55 silly audit   'queue-microtask': [ '1.2.3' ],
55 silly audit   'read-cache': [ '1.0.0' ],
55 silly audit   readdirp: [ '3.6.0' ],
55 silly audit   resolve: [ '1.22.8' ],
55 silly audit   reusify: [ '1.0.4' ],
55 silly audit   rollup: [ '4.13.2' ],
55 silly audit   'run-parallel': [ '1.2.0' ],
55 silly audit   'shebang-command': [ '2.0.0' ],
55 silly audit   'shebang-regex': [ '3.0.0' ],
55 silly audit   'signal-exit': [ '4.1.0' ],
55 silly audit   'source-map-js': [ '1.2.0' ],
55 silly audit   'string-width': [ '5.1.2', '4.2.3' ],
55 silly audit   'strip-ansi': [ '6.0.1', '7.1.0' ],
55 silly audit   sucrase: [ '3.35.0' ],
55 silly audit   'supports-preserve-symlinks-flag': [ '1.0.0' ],
55 silly audit   tailwindcss: [ '3.4.3' ],
55 silly audit   thenify: [ '3.3.1' ],
55 silly audit   'thenify-all': [ '1.6.0' ],
55 silly audit   'to-regex-range': [ '5.0.1' ],
55 silly audit   'ts-interface-checker': [ '0.1.13' ],
55 silly audit   'update-browserslist-db': [ '1.0.15' ],
55 silly audit   'util-deprecate': [ '1.0.2' ],
55 silly audit   vite: [ '5.2.7' ],
55 silly audit   vue: [ '3.4.21' ],
55 silly audit   which: [ '2.0.2' ],
55 silly audit   'wrap-ansi': [ '8.1.0', '7.0.0' ],
55 silly audit   yaml: [ '2.4.2' ]
55 silly audit }
56 verbose reify failed optional dependency /home/node/node_modules/@rollup/rollup-win32-x64-msvc
57 silly reify mark deleted [ '/home/node/node_modules/@rollup/rollup-win32-x64-msvc' ]
58 verbose reify failed optional dependency /home/node/node_modules/@rollup/rollup-win32-ia32-msvc
59 silly reify mark deleted [ '/home/node/node_modules/@rollup/rollup-win32-ia32-msvc' ]
60 verbose reify failed optional dependency /home/node/node_modules/@rollup/rollup-win32-arm64-msvc
61 silly reify mark deleted [ '/home/node/node_modules/@rollup/rollup-win32-arm64-msvc' ]
62 verbose reify failed optional dependency /home/node/node_modules/@rollup/rollup-linux-x64-musl
63 silly reify mark deleted [ '/home/node/node_modules/@rollup/rollup-linux-x64-musl' ]
64 verbose reify failed optional dependency /home/node/node_modules/@rollup/rollup-linux-x64-gnu
65 silly reify mark deleted [ '/home/node/node_modules/@rollup/rollup-linux-x64-gnu' ]
66 verbose reify failed optional dependency /home/node/node_modules/@rollup/rollup-linux-s390x-gnu
67 silly reify mark deleted [ '/home/node/node_modules/@rollup/rollup-linux-s390x-gnu' ]
68 verbose reify failed optional dependency /home/node/node_modules/@rollup/rollup-linux-riscv64-gnu
69 silly reify mark deleted [ '/home/node/node_modules/@rollup/rollup-linux-riscv64-gnu' ]
70 verbose reify failed optional dependency /home/node/node_modules/@rollup/rollup-linux-powerpc64le-gnu
71 silly reify mark deleted [ '/home/node/node_modules/@rollup/rollup-linux-powerpc64le-gnu' ]
72 verbose reify failed optional dependency /home/node/node_modules/@rollup/rollup-linux-arm-gnueabihf
73 silly reify mark deleted [ '/home/node/node_modules/@rollup/rollup-linux-arm-gnueabihf' ]
74 verbose reify failed optional dependency /home/node/node_modules/@rollup/rollup-darwin-x64
75 silly reify mark deleted [ '/home/node/node_modules/@rollup/rollup-darwin-x64' ]
76 verbose reify failed optional dependency /home/node/node_modules/@rollup/rollup-android-arm64
77 silly reify mark deleted [ '/home/node/node_modules/@rollup/rollup-android-arm64' ]
78 verbose reify failed optional dependency /home/node/node_modules/@rollup/rollup-android-arm-eabi
79 silly reify mark deleted [ '/home/node/node_modules/@rollup/rollup-android-arm-eabi' ]
80 verbose reify failed optional dependency /home/node/node_modules/@esbuild/win32-x64
81 silly reify mark deleted [ '/home/node/node_modules/@esbuild/win32-x64' ]
82 verbose reify failed optional dependency /home/node/node_modules/@esbuild/win32-ia32
83 silly reify mark deleted [ '/home/node/node_modules/@esbuild/win32-ia32' ]
84 verbose reify failed optional dependency /home/node/node_modules/@esbuild/win32-arm64
85 silly reify mark deleted [ '/home/node/node_modules/@esbuild/win32-arm64' ]
86 verbose reify failed optional dependency /home/node/node_modules/@esbuild/sunos-x64
87 silly reify mark deleted [ '/home/node/node_modules/@esbuild/sunos-x64' ]
88 verbose reify failed optional dependency /home/node/node_modules/@esbuild/openbsd-x64
89 silly reify mark deleted [ '/home/node/node_modules/@esbuild/openbsd-x64' ]
90 verbose reify failed optional dependency /home/node/node_modules/@esbuild/netbsd-x64
91 silly reify mark deleted [ '/home/node/node_modules/@esbuild/netbsd-x64' ]
92 verbose reify failed optional dependency /home/node/node_modules/@esbuild/linux-x64
93 silly reify mark deleted [ '/home/node/node_modules/@esbuild/linux-x64' ]
94 verbose reify failed optional dependency /home/node/node_modules/@esbuild/linux-s390x
95 silly reify mark deleted [ '/home/node/node_modules/@esbuild/linux-s390x' ]
96 verbose reify failed optional dependency /home/node/node_modules/@esbuild/linux-riscv64
97 silly reify mark deleted [ '/home/node/node_modules/@esbuild/linux-riscv64' ]
98 verbose reify failed optional dependency /home/node/node_modules/@esbuild/linux-ppc64
99 silly reify mark deleted [ '/home/node/node_modules/@esbuild/linux-ppc64' ]
100 verbose reify failed optional dependency /home/node/node_modules/@esbuild/linux-mips64el
101 silly reify mark deleted [ '/home/node/node_modules/@esbuild/linux-mips64el' ]
102 verbose reify failed optional dependency /home/node/node_modules/@esbuild/linux-loong64
103 silly reify mark deleted [ '/home/node/node_modules/@esbuild/linux-loong64' ]
104 verbose reify failed optional dependency /home/node/node_modules/@esbuild/linux-ia32
105 silly reify mark deleted [ '/home/node/node_modules/@esbuild/linux-ia32' ]
106 verbose reify failed optional dependency /home/node/node_modules/@esbuild/linux-arm
107 silly reify mark deleted [ '/home/node/node_modules/@esbuild/linux-arm' ]
108 verbose reify failed optional dependency /home/node/node_modules/@esbuild/freebsd-x64
109 silly reify mark deleted [ '/home/node/node_modules/@esbuild/freebsd-x64' ]
110 verbose reify failed optional dependency /home/node/node_modules/@esbuild/freebsd-arm64
111 silly reify mark deleted [ '/home/node/node_modules/@esbuild/freebsd-arm64' ]
112 verbose reify failed optional dependency /home/node/node_modules/@esbuild/darwin-x64
113 silly reify mark deleted [ '/home/node/node_modules/@esbuild/darwin-x64' ]
114 verbose reify failed optional dependency /home/node/node_modules/@esbuild/android-x64
115 silly reify mark deleted [ '/home/node/node_modules/@esbuild/android-x64' ]
116 verbose reify failed optional dependency /home/node/node_modules/@esbuild/android-arm64
117 silly reify mark deleted [ '/home/node/node_modules/@esbuild/android-arm64' ]
118 verbose reify failed optional dependency /home/node/node_modules/@esbuild/android-arm
119 silly reify mark deleted [ '/home/node/node_modules/@esbuild/android-arm' ]
120 verbose reify failed optional dependency /home/node/node_modules/@esbuild/aix-ppc64
121 silly reify mark deleted [ '/home/node/node_modules/@esbuild/aix-ppc64' ]
122 timing reifyNode:node_modules/@rollup/rollup-win32-x64-msvc Completed in 29ms
123 timing reifyNode:node_modules/@rollup/rollup-win32-ia32-msvc Completed in 29ms
124 timing reifyNode:node_modules/@rollup/rollup-win32-arm64-msvc Completed in 30ms
125 timing reifyNode:node_modules/@rollup/rollup-linux-x64-musl Completed in 30ms
126 timing reifyNode:node_modules/@rollup/rollup-linux-x64-gnu Completed in 30ms
127 timing reifyNode:node_modules/@rollup/rollup-linux-s390x-gnu Completed in 30ms
128 timing reifyNode:node_modules/@rollup/rollup-linux-riscv64-gnu Completed in 30ms
129 timing reifyNode:node_modules/@rollup/rollup-linux-powerpc64le-gnu Completed in 30ms
130 timing reifyNode:node_modules/@rollup/rollup-linux-arm-gnueabihf Completed in 30ms
131 timing reifyNode:node_modules/@rollup/rollup-darwin-x64 Completed in 30ms
132 timing reifyNode:node_modules/@rollup/rollup-android-arm64 Completed in 30ms
133 timing reifyNode:node_modules/@rollup/rollup-android-arm-eabi Completed in 30ms
134 timing reifyNode:node_modules/@esbuild/win32-x64 Completed in 30ms
135 timing reifyNode:node_modules/@esbuild/win32-ia32 Completed in 30ms
136 timing reifyNode:node_modules/@esbuild/win32-arm64 Completed in 31ms
137 timing reifyNode:node_modules/@esbuild/sunos-x64 Completed in 31ms
138 timing reifyNode:node_modules/@esbuild/openbsd-x64 Completed in 31ms
139 timing reifyNode:node_modules/@esbuild/netbsd-x64 Completed in 31ms
140 timing reifyNode:node_modules/@esbuild/linux-x64 Completed in 31ms
141 timing reifyNode:node_modules/@esbuild/linux-s390x Completed in 31ms
142 timing reifyNode:node_modules/@esbuild/linux-riscv64 Completed in 31ms
143 timing reifyNode:node_modules/@esbuild/linux-ppc64 Completed in 31ms
144 timing reifyNode:node_modules/@esbuild/linux-mips64el Completed in 31ms
145 timing reifyNode:node_modules/@esbuild/linux-loong64 Completed in 31ms
146 timing reifyNode:node_modules/@esbuild/linux-ia32 Completed in 32ms
147 timing reifyNode:node_modules/@esbuild/linux-arm Completed in 32ms
148 timing reifyNode:node_modules/@esbuild/freebsd-x64 Completed in 32ms
149 timing reifyNode:node_modules/@esbuild/freebsd-arm64 Completed in 32ms
150 timing reifyNode:node_modules/@esbuild/darwin-x64 Completed in 32ms
151 timing reifyNode:node_modules/@esbuild/android-x64 Completed in 32ms
152 timing reifyNode:node_modules/@esbuild/android-arm64 Completed in 32ms
153 timing reifyNode:node_modules/@esbuild/android-arm Completed in 32ms
154 timing reifyNode:node_modules/@esbuild/aix-ppc64 Completed in 32ms
155 timing reify:unpack Completed in 33ms
156 timing reify:unretire Completed in 0ms
157 timing build:queue Completed in 2ms
158 timing build:deps Completed in 3ms
159 timing build Completed in 4ms
160 timing reify:build Completed in 4ms
161 timing reify:trash Completed in 55ms
162 timing reify:save Completed in 20ms
163 http fetch POST 200 https://registry.npmjs.org/-/npm/v1/security/advisories/bulk 264ms
164 timing auditReport:getReport Completed in 266ms
165 silly audit report {}
166 timing auditReport:init Completed in 0ms
167 timing reify:audit Completed in 267ms
168 timing reify Completed in 537ms
169 silly ADD
170 silly ADD
171 silly ADD
172 silly ADD
173 silly ADD
174 silly ADD
175 silly ADD
176 silly ADD
177 silly ADD
178 silly ADD
179 silly ADD
180 silly ADD
181 silly ADD
182 silly ADD
183 silly ADD
184 silly ADD
185 silly ADD
186 silly ADD
187 silly ADD
188 silly ADD
189 silly ADD
190 silly ADD
191 silly ADD
192 silly ADD
193 silly ADD
194 silly ADD
195 silly ADD
196 silly ADD
197 silly ADD
198 silly ADD
199 silly ADD
200 silly ADD
201 silly ADD
202 silly REMOVE node_modules/proxy-from-env
203 silly REMOVE node_modules/mime-db
204 silly REMOVE node_modules/mime-types
205 silly REMOVE node_modules/form-data
206 silly REMOVE node_modules/follow-redirects
207 silly REMOVE node_modules/delayed-stream
208 silly REMOVE node_modules/combined-stream
209 silly REMOVE node_modules/axios
210 silly REMOVE node_modules/asynckit
211 timing command:install Completed in 552ms
212 verbose exit 0
213 timing npm Completed in 598ms
214 info ok
